<?xml version="1.0" encoding="UTF-8"?>
<!-- Generated by org.testng.reporters.JUnitXMLReporter -->
<testsuite hostname="DmitryFRAMEWORK" ignored="0" name="Data Provider" tests="4" failures="1" timestamp="25 Jan 2017 06:44:31 GMT" time="0.093" errors="0">
  <testcase name="test" time="0.021" classname="core.DPCSVTest"/>
  <testcase name="test" time="0.004" classname="core.DPCSVTest"/>
  <testcase name="test" time="0.004" classname="core.DPCSVTest"/>
  <testcase name="test" time="0.005" classname="core.DPCSVTest">
    <failure type="java.lang.AssertionError" message="
Expected: is &amp;lt;16&amp;gt;
     but: was &amp;lt;15&amp;gt;">
      <![CDATA[java.lang.AssertionError: 
Expected: is <16>
     but: was <15>
	at org.hamcrest.MatcherAssert.assertThat(MatcherAssert.java:20)
	at org.hamcrest.MatcherAssert.assertThat(MatcherAssert.java:8)
	at core.DPCSVTest.test(DPCSVTest.java:25)
... Removed 25 stack frames]]>
    </failure>
  </testcase> <!-- test -->
</testsuite> <!-- Data Provider -->
